<?xml version="1.0" encoding="UTF-8"?>
<!-- Generated by org.testng.reporters.JUnitXMLReporter -->
<testsuite ignored="0" hostname="DESKTOP-309CVLP" failures="0" tests="6" name="Command line test" time="0.041" errors="0" timestamp="2020-03-17T12:15:36 IST">
  <testcase classname="qaclickacademy.Selenium2Test" name="demo3" time="0.009"/>
  <testcase classname="qaclickacademy.Selenium2Test" name="demo4" time="0.001"/>
  <testcase classname="qaclickacademy.Selenium3Test" name="demo5" time="0.0"/>
  <testcase classname="qaclickacademy.Selenium3Test" name="demo6" time="0.0"/>
  <testcase classname="qaclickacademy.SeleniumTest" name="demo1" time="0.0"/>
  <testcase classname="qaclickacademy.SeleniumTest" name="demo2" time="0.0"/>
</testsuite> <!-- Command line test -->
