<?xml version="1.0" encoding="UTF-8"?>
<testng-results ignored="0" total="2" passed="2" failed="0" skipped="0">
  <reporter-output>
  </reporter-output>
  <suite started-at="2020-03-17T12:27:35 IST" name="Suite" finished-at="2020-03-17T12:27:35 IST" duration-ms="39">
    <groups>
    </groups>
    <test started-at="2020-03-17T12:27:35 IST" name="Test" finished-at="2020-03-17T12:27:35 IST" duration-ms="39">
      <class name="qaclickacademy.Selenium3Test">
        <test-method signature="demo5()[pri:0, instance:qaclickacademy.Selenium3Test@453da22c]" started-at="2020-03-17T12:27:35 IST" name="demo5" finished-at="2020-03-17T12:27:35 IST" duration-ms="6" status="PASS">
          <reporter-output>
          </reporter-output>
        </test-method> <!-- demo5 -->
        <test-method signature="demo6()[pri:0, instance:qaclickacademy.Selenium3Test@453da22c]" started-at="2020-03-17T12:27:35 IST" name="demo6" finished-at="2020-03-17T12:27:35 IST" duration-ms="0" status="PASS">
          <reporter-output>
          </reporter-output>
        </test-method> <!-- demo6 -->
      </class> <!-- qaclickacademy.Selenium3Test -->
    </test> <!-- Test -->
  </suite> <!-- Suite -->
</testng-results>
